[debug] [2022-12-03T17:09:55.939Z] ----------------------------------------------------------------------
[debug] [2022-12-03T17:09:55.941Z] Command:       C:\Program Files\nodejs\node.exe C:\Users\Poranki Malleswari\AppData\Roaming\npm\node_modules\firebase-tools\lib\bin\firebase.js init
[debug] [2022-12-03T17:09:55.942Z] CLI Version:   11.16.1
[debug] [2022-12-03T17:09:55.942Z] Platform:      win32
[debug] [2022-12-03T17:09:55.942Z] Node Version:  v18.12.0
[debug] [2022-12-03T17:09:55.945Z] Time:          Sat Dec 03 2022 22:39:55 GMT+0530 (India Standard Time)
[debug] [2022-12-03T17:09:55.946Z] ----------------------------------------------------------------------
[debug] 
[debug] [2022-12-03T17:09:55.960Z] > command requires scopes: ["email","openid","https://www.googleapis.com/auth/cloudplatformprojects.readonly","https://www.googleapis.com/auth/firebase","https://www.googleapis.com/auth/cloud-platform"]
[debug] [2022-12-03T17:09:55.960Z] > authorizing via signed-in user (20wh1a0457@bvrithyderabad.edu.in)
[info] 
     ######## #### ########  ######## ########     ###     ######  ########
     ##        ##  ##     ## ##       ##     ##  ##   ##  ##       ##
     ######    ##  ########  ######   ########  #########  ######  ######
     ##        ##  ##    ##  ##       ##     ## ##     ##       ## ##
     ##       #### ##     ## ######## ########  ##     ##  ######  ########

You're about to initialize a Firebase project in this directory:

  C:\Users\Poranki Malleswari\OneDrive\Desktop\food

[info] 
=== Project Setup
[info] 
[info] First, let's associate this project directory with a Firebase project.
[info] You can create multiple project aliases by running firebase use --add, 
[info] but for now we'll just set up a default project.
[info] 
[debug] [2022-12-03T17:14:02.277Z] >>> [apiv2][query] GET https://firebase.googleapis.com/v1beta1/projects pageSize=100
[debug] [2022-12-03T17:14:03.180Z] <<< [apiv2][status] GET https://firebase.googleapis.com/v1beta1/projects 200
[debug] [2022-12-03T17:14:03.180Z] <<< [apiv2][body] GET https://firebase.googleapis.com/v1beta1/projects [omitted]
[info] i  Using project summertime-scoops (SummerTime Scoops) 
[info] 
=== Hosting Setup
[info] 
[info] Your public directory is the folder (relative to your project directory) that
[info] will contain Hosting assets to be uploaded with firebase deploy. If you
[info] have a build process for your assets, use your build's output directory.
[info] 
[info] +  Wrote public/404.html 
[debug] [2022-12-03T17:18:13.715Z] >>> [apiv2][query] GET https://www.gstatic.com/firebasejs/releases.json [none]
[debug] [2022-12-03T17:18:14.074Z] <<< [apiv2][status] GET https://www.gstatic.com/firebasejs/releases.json 200
[debug] [2022-12-03T17:18:14.074Z] <<< [apiv2][body] GET https://www.gstatic.com/firebasejs/releases.json {"current":{"version":"9.14.0","browserURL":"https://www.gstatic.com/firebasejs/9.14.0/firebase.js","packageURL":"https://www.gstatic.com/firebasejs/9.14.0/firebase.tgz"},"live":{"version":"9.14","browserURL":"https://www.gstatic.com/firebasejs/live/9.14/firebase.js","packageURL":"https://www.gstatic.com/firebasejs/live/9.14/firebase.tgz"},"components":{"analytics":"https://www.gstatic.com/firebasejs/9.14.0/firebase-analytics.js","app":"https://www.gstatic.com/firebasejs/9.14.0/firebase-app.js","app-check":"https://www.gstatic.com/firebasejs/9.14.0/firebase-app-check.js","auth":"https://www.gstatic.com/firebasejs/9.14.0/firebase-auth.js","auth/cordova":"https://www.gstatic.com/firebasejs/9.14.0/firebase-auth/cordova.js","auth/react-native":"https://www.gstatic.com/firebasejs/9.14.0/firebase-auth/react-native.js","functions":"https://www.gstatic.com/firebasejs/9.14.0/firebase-functions.js","firestore":"https://www.gstatic.com/firebasejs/9.14.0/firebase-firestore.js","firestore/lite":"https://www.gstatic.com/firebasejs/9.14.0/firebase-firestore/lite.js","installations":"https://www.gstatic.com/firebasejs/9.14.0/firebase-installations.js","storage":"https://www.gstatic.com/firebasejs/9.14.0/firebase-storage.js","performance":"https://www.gstatic.com/firebasejs/9.14.0/firebase-performance.js","remote-config":"https://www.gstatic.com/firebasejs/9.14.0/firebase-remote-config.js","messaging":"https://www.gstatic.com/firebasejs/9.14.0/firebase-messaging.js","messaging/sw":"https://www.gstatic.com/firebasejs/9.14.0/firebase-messaging/sw.js","database":"https://www.gstatic.com/firebasejs/9.14.0/firebase-database.js","firestore.memory":"https://www.gstatic.com/firebasejs/9.14.0/firebase-firestore.memory.js"}}
[info] +  Wrote public/index.html 
[info] 
[info] i  Detected a .git folder at C:\Users\Poranki Malleswari 
[info] i  Authorizing with GitHub to upload your service account to a GitHub repository's secrets store. 
[info] 
[info] Visit this URL on this device to log in:
[info] https://github.com/login/oauth/authorize?client_id=89cf50f02ac6aaed3484&state=186851493&redirect_uri=http%3A%2F%2Flocalhost%3A9005&scope=read%3Auser%20repo%20public_repo
[info] 
[info] Waiting for authentication...
[debug] [2022-12-03T17:18:24.984Z] >>> [apiv2][query] POST https://github.com/login/oauth/access_token [none]
[debug] [2022-12-03T17:18:24.984Z] >>> [apiv2][body] POST https://github.com/login/oauth/access_token [stream]
[debug] [2022-12-03T17:18:25.449Z] <<< [apiv2][status] POST https://github.com/login/oauth/access_token 200
[debug] [2022-12-03T17:18:25.449Z] <<< [apiv2][body] POST https://github.com/login/oauth/access_token {"access_token":"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","token_type":"bearer","scope":"read:user,repo"}
[debug] [2022-12-03T17:18:25.471Z] >>> [apiv2][query] GET https://api.github.com/user [none]
[debug] [2022-12-03T17:18:25.953Z] <<< [apiv2][status] GET https://api.github.com/user 200
[debug] [2022-12-03T17:18:25.954Z] <<< [apiv2][body] GET https://api.github.com/user {"login":"Malleswari2","id":104818399,"node_id":"U_kgDOBj9m3w","avatar_url":"https://avatars.githubusercontent.com/u/104818399?v=4","gravatar_id":"","url":"https://api.github.com/users/Malleswari2","html_url":"https://github.com/Malleswari2","followers_url":"https://api.github.com/users/Malleswari2/followers","following_url":"https://api.github.com/users/Malleswari2/following{/other_user}","gists_url":"https://api.github.com/users/Malleswari2/gists{/gist_id}","starred_url":"https://api.github.com/users/Malleswari2/starred{/owner}{/repo}","subscriptions_url":"https://api.github.com/users/Malleswari2/subscriptions","organizations_url":"https://api.github.com/users/Malleswari2/orgs","repos_url":"https://api.github.com/users/Malleswari2/repos","events_url":"https://api.github.com/users/Malleswari2/events{/privacy}","received_events_url":"https://api.github.com/users/Malleswari2/received_events","type":"User","site_admin":false,"name":null,"company":null,"blog":"","location":null,"email":null,"hireable":null,"bio":null,"twitter_username":null,"public_repos":0,"public_gists":0,"followers":0,"following":0,"created_at":"2022-05-03T06:09:52Z","updated_at":"2022-12-03T17:18:16Z","private_gists":0,"total_private_repos":0,"owned_private_repos":0,"disk_usage":0,"collaborators":0,"two_factor_authentication":false,"plan":{"name":"free","space":976562499,"collaborators":0,"private_repos":10000}}
[info] 
[info] +  Success! Logged into GitHub as Malleswari2 
[info] 
[debug] [2022-12-03T17:23:02.581Z] >>> [apiv2][query] GET https://api.github.com/repos/repository/actions/secrets/public-key type=owner
[debug] [2022-12-03T17:23:02.915Z] <<< [apiv2][status] GET https://api.github.com/repos/repository/actions/secrets/public-key 404
[debug] [2022-12-03T17:23:02.915Z] <<< [apiv2][body] GET https://api.github.com/repos/repository/actions/secrets/public-key {"message":"Not Found","documentation_url":"https://docs.github.com/rest"}
[debug] [2022-12-03T17:23:06.264Z] >>> [apiv2][query] GET https://api.github.com/repos/repository/actions/secrets/public-key type=owner
[debug] [2022-12-03T17:23:06.587Z] <<< [apiv2][status] GET https://api.github.com/repos/repository/actions/secrets/public-key 404
[debug] [2022-12-03T17:23:06.587Z] <<< [apiv2][body] GET https://api.github.com/repos/repository/actions/secrets/public-key {"message":"Not Found","documentation_url":"https://docs.github.com/rest"}
[debug] [2022-12-03T17:23:07.349Z] >>> [apiv2][query] GET https://api.github.com/repos/repository/actions/secrets/public-key type=owner
[debug] [2022-12-03T17:23:07.686Z] <<< [apiv2][status] GET https://api.github.com/repos/repository/actions/secrets/public-key 404
[debug] [2022-12-03T17:23:07.686Z] <<< [apiv2][body] GET https://api.github.com/repos/repository/actions/secrets/public-key {"message":"Not Found","documentation_url":"https://docs.github.com/rest"}
